{"/Users/oliverthomas/Desktop/LFA/LAP 2/Project2/project-lap-2/server/app.js": {"path":"/Users/oliverthomas/Desktop/LFA/LAP 2/Project2/project-lap-2/server/app.js","statementMap":{"0":{"start":{"line":1,"column":16},"end":{"line":1,"column":34}},"1":{"start":{"line":2,"column":13},"end":{"line":2,"column":28}},"2":{"start":{"line":5,"column":18},"end":{"line":5,"column":48}},"3":{"start":{"line":6,"column":18},"end":{"line":6,"column":43}},"4":{"start":{"line":7,"column":19},"end":{"line":7,"column":44}},"5":{"start":{"line":8,"column":26},"end":{"line":8,"column":59}},"6":{"start":{"line":10,"column":12},"end":{"line":10,"column":21}},"7":{"start":{"line":11,"column":0},"end":{"line":11,"column":16}},"8":{"start":{"line":12,"column":0},"end":{"line":12,"column":24}},"9":{"start":{"line":13,"column":0},"end":{"line":13,"column":19}},"10":{"start":{"line":16,"column":0},"end":{"line":16,"column":28}},"11":{"start":{"line":17,"column":0},"end":{"line":17,"column":44}},"12":{"start":{"line":18,"column":0},"end":{"line":18,"column":30}},"13":{"start":{"line":20,"column":0},"end":{"line":20,"column":21}}},"fnMap":{},"branchMap":{},"s":{"0":1,"1":1,"2":1,"3":1,"4":1,"5":1,"6":1,"7":1,"8":1,"9":1,"10":1,"11":1,"12":1,"13":1},"f":{},"b":{},"_coverageSchema":"1a1c01bbd47fc00a2c39e90264f33305004495a9","hash":"9b265c40a03e66a21c802ac9d7f178c33c4ff0b2"}
,"/Users/oliverthomas/Desktop/LFA/LAP 2/Project2/project-lap-2/server/controllers/applications.js": {"path":"/Users/oliverthomas/Desktop/LFA/LAP 2/Project2/project-lap-2/server/controllers/applications.js","statementMap":{"0":{"start":{"line":1,"column":20},"end":{"line":1,"column":53}},"1":{"start":{"line":4,"column":4},"end":{"line":10,"column":5}},"2":{"start":{"line":5,"column":21},"end":{"line":5,"column":29}},"3":{"start":{"line":6,"column":28},"end":{"line":6,"column":69}},"4":{"start":{"line":7,"column":8},"end":{"line":7,"column":42}},"5":{"start":{"line":9,"column":8},"end":{"line":9,"column":52}},"6":{"start":{"line":14,"column":4},"end":{"line":19,"column":5}},"7":{"start":{"line":15,"column":29},"end":{"line":15,"column":55}},"8":{"start":{"line":16,"column":8},"end":{"line":16,"column":42}},"9":{"start":{"line":18,"column":8},"end":{"line":18,"column":52}},"10":{"start":{"line":23,"column":4},"end":{"line":29,"column":5}},"11":{"start":{"line":24,"column":31},"end":{"line":24,"column":66}},"12":{"start":{"line":25,"column":28},"end":{"line":25,"column":72}},"13":{"start":{"line":26,"column":8},"end":{"line":26,"column":42}},"14":{"start":{"line":28,"column":8},"end":{"line":28,"column":52}},"15":{"start":{"line":33,"column":4},"end":{"line":41,"column":5}},"16":{"start":{"line":34,"column":31},"end":{"line":34,"column":66}},"17":{"start":{"line":35,"column":28},"end":{"line":35,"column":72}},"18":{"start":{"line":36,"column":23},"end":{"line":36,"column":63}},"19":{"start":{"line":37,"column":8},"end":{"line":37,"column":37}},"20":{"start":{"line":40,"column":8},"end":{"line":40,"column":52}},"21":{"start":{"line":44,"column":0},"end":{"line":44,"column":48}}},"fnMap":{"0":{"name":"create","decl":{"start":{"line":3,"column":15},"end":{"line":3,"column":21}},"loc":{"start":{"line":3,"column":32},"end":{"line":11,"column":1}},"line":3},"1":{"name":"index","decl":{"start":{"line":13,"column":15},"end":{"line":13,"column":20}},"loc":{"start":{"line":13,"column":31},"end":{"line":20,"column":1}},"line":13},"2":{"name":"show","decl":{"start":{"line":22,"column":15},"end":{"line":22,"column":19}},"loc":{"start":{"line":22,"column":30},"end":{"line":30,"column":1}},"line":22},"3":{"name":"destroy","decl":{"start":{"line":32,"column":15},"end":{"line":32,"column":22}},"loc":{"start":{"line":32,"column":33},"end":{"line":42,"column":1}},"line":32}},"branchMap":{},"s":{"0":1,"1":1,"2":1,"3":1,"4":1,"5":0,"6":0,"7":0,"8":0,"9":0,"10":0,"11":0,"12":0,"13":0,"14":0,"15":0,"16":0,"17":0,"18":0,"19":0,"20":0,"21":1},"f":{"0":1,"1":0,"2":0,"3":0},"b":{},"_coverageSchema":"1a1c01bbd47fc00a2c39e90264f33305004495a9","hash":"3db7223c5990cd569493d7cd5a35cdc9f0892cb1"}
,"/Users/oliverthomas/Desktop/LFA/LAP 2/Project2/project-lap-2/server/controllers/jobs.js": {"path":"/Users/oliverthomas/Desktop/LFA/LAP 2/Project2/project-lap-2/server/controllers/jobs.js","statementMap":{"0":{"start":{"line":1,"column":12},"end":{"line":1,"column":40}},"1":{"start":{"line":5,"column":4},"end":{"line":11,"column":5}},"2":{"start":{"line":6,"column":21},"end":{"line":6,"column":59}},"3":{"start":{"line":7,"column":8},"end":{"line":7,"column":26}},"4":{"start":{"line":8,"column":8},"end":{"line":8,"column":35}},"5":{"start":{"line":10,"column":8},"end":{"line":10,"column":53}},"6":{"start":{"line":16,"column":4},"end":{"line":24,"column":5}},"7":{"start":{"line":17,"column":32},"end":{"line":17,"column":45}},"8":{"start":{"line":19,"column":26},"end":{"line":19,"column":80}},"9":{"start":{"line":21,"column":8},"end":{"line":21,"column":39}},"10":{"start":{"line":23,"column":8},"end":{"line":23,"column":53}},"11":{"start":{"line":31,"column":4},"end":{"line":40,"column":5}},"12":{"start":{"line":32,"column":21},"end":{"line":32,"column":34}},"13":{"start":{"line":35,"column":18},"end":{"line":35,"column":46}},"14":{"start":{"line":37,"column":6},"end":{"line":37,"column":32}},"15":{"start":{"line":39,"column":6},"end":{"line":39,"column":51}},"16":{"start":{"line":47,"column":4},"end":{"line":53,"column":5}},"17":{"start":{"line":48,"column":21},"end":{"line":48,"column":29}},"18":{"start":{"line":49,"column":25},"end":{"line":49,"column":50}},"19":{"start":{"line":50,"column":8},"end":{"line":50,"column":39}},"20":{"start":{"line":52,"column":8},"end":{"line":52,"column":52}},"21":{"start":{"line":58,"column":4},"end":{"line":64,"column":5}},"22":{"start":{"line":59,"column":8},"end":{"line":59,"column":47}},"23":{"start":{"line":60,"column":21},"end":{"line":60,"column":52}},"24":{"start":{"line":61,"column":8},"end":{"line":61,"column":35}},"25":{"start":{"line":63,"column":8},"end":{"line":63,"column":53}},"26":{"start":{"line":69,"column":4},"end":{"line":78,"column":5}},"27":{"start":{"line":70,"column":8},"end":{"line":70,"column":47}},"28":{"start":{"line":71,"column":8},"end":{"line":71,"column":31}},"29":{"start":{"line":73,"column":21},"end":{"line":73,"column":64}},"30":{"start":{"line":75,"column":8},"end":{"line":75,"column":35}},"31":{"start":{"line":77,"column":8},"end":{"line":77,"column":53}},"32":{"start":{"line":82,"column":4},"end":{"line":90,"column":5}},"33":{"start":{"line":83,"column":23},"end":{"line":83,"column":36}},"34":{"start":{"line":84,"column":20},"end":{"line":84,"column":48}},"35":{"start":{"line":86,"column":8},"end":{"line":86,"column":28}},"36":{"start":{"line":87,"column":8},"end":{"line":87,"column":30}},"37":{"start":{"line":89,"column":8},"end":{"line":89,"column":53}},"38":{"start":{"line":94,"column":4},"end":{"line":101,"column":5}},"39":{"start":{"line":95,"column":24},"end":{"line":95,"column":52}},"40":{"start":{"line":96,"column":22},"end":{"line":96,"column":53}},"41":{"start":{"line":98,"column":8},"end":{"line":98,"column":35}},"42":{"start":{"line":100,"column":8},"end":{"line":100,"column":53}},"43":{"start":{"line":106,"column":4},"end":{"line":113,"column":5}},"44":{"start":{"line":107,"column":19},"end":{"line":107,"column":42}},"45":{"start":{"line":108,"column":24},"end":{"line":108,"column":59}},"46":{"start":{"line":110,"column":8},"end":{"line":110,"column":38}},"47":{"start":{"line":112,"column":8},"end":{"line":112,"column":53}},"48":{"start":{"line":116,"column":0},"end":{"line":118,"column":38}}},"fnMap":{"0":{"name":"index","decl":{"start":{"line":4,"column":15},"end":{"line":4,"column":20}},"loc":{"start":{"line":4,"column":31},"end":{"line":12,"column":1}},"line":4},"1":{"name":"show","decl":{"start":{"line":15,"column":15},"end":{"line":15,"column":19}},"loc":{"start":{"line":15,"column":30},"end":{"line":26,"column":1}},"line":15},"2":{"name":"showJobsById","decl":{"start":{"line":30,"column":15},"end":{"line":30,"column":27}},"loc":{"start":{"line":30,"column":38},"end":{"line":41,"column":3}},"line":30},"3":{"name":"create","decl":{"start":{"line":46,"column":15},"end":{"line":46,"column":21}},"loc":{"start":{"line":46,"column":32},"end":{"line":54,"column":1}},"line":46},"4":{"name":"userJobs","decl":{"start":{"line":57,"column":15},"end":{"line":57,"column":23}},"loc":{"start":{"line":57,"column":34},"end":{"line":65,"column":1}},"line":57},"5":{"name":"userJobsDate","decl":{"start":{"line":68,"column":15},"end":{"line":68,"column":27}},"loc":{"start":{"line":68,"column":38},"end":{"line":79,"column":1}},"line":68},"6":{"name":"destroy","decl":{"start":{"line":81,"column":15},"end":{"line":81,"column":22}},"loc":{"start":{"line":81,"column":33},"end":{"line":91,"column":1}},"line":81},"7":{"name":"getHours","decl":{"start":{"line":93,"column":15},"end":{"line":93,"column":23}},"loc":{"start":{"line":93,"column":34},"end":{"line":102,"column":1}},"line":93},"8":{"name":"getOrgContactDetails","decl":{"start":{"line":105,"column":15},"end":{"line":105,"column":35}},"loc":{"start":{"line":105,"column":46},"end":{"line":114,"column":1}},"line":105}},"branchMap":{},"s":{"0":2,"1":6,"2":6,"3":5,"4":5,"5":1,"6":6,"7":6,"8":6,"9":5,"10":1,"11":5,"12":5,"13":5,"14":4,"15":1,"16":2,"17":2,"18":2,"19":1,"20":1,"21":6,"22":6,"23":6,"24":5,"25":1,"26":6,"27":6,"28":6,"29":6,"30":5,"31":1,"32":2,"33":2,"34":1,"35":1,"36":1,"37":1,"38":5,"39":5,"40":5,"41":4,"42":1,"43":4,"44":4,"45":4,"46":3,"47":1,"48":2},"f":{"0":6,"1":6,"2":5,"3":2,"4":6,"5":6,"6":2,"7":5,"8":4},"b":{},"_coverageSchema":"1a1c01bbd47fc00a2c39e90264f33305004495a9","hash":"e07da06710cdd9fee880095de2faf6d2a5874d8c"}
,"/Users/oliverthomas/Desktop/LFA/LAP 2/Project2/project-lap-2/server/controllers/user.js": {"path":"/Users/oliverthomas/Desktop/LFA/LAP 2/Project2/project-lap-2/server/controllers/user.js","statementMap":{"0":{"start":{"line":1,"column":15},"end":{"line":1,"column":32}},"1":{"start":{"line":3,"column":13},"end":{"line":3,"column":38}},"2":{"start":{"line":4,"column":14},"end":{"line":4,"column":40}},"3":{"start":{"line":7,"column":2},"end":{"line":21,"column":3}},"4":{"start":{"line":8,"column":17},"end":{"line":8,"column":25}},"5":{"start":{"line":11,"column":17},"end":{"line":11,"column":79}},"6":{"start":{"line":14,"column":4},"end":{"line":14,"column":65}},"7":{"start":{"line":16,"column":19},"end":{"line":16,"column":42}},"8":{"start":{"line":18,"column":4},"end":{"line":18,"column":33}},"9":{"start":{"line":20,"column":4},"end":{"line":20,"column":49}},"10":{"start":{"line":25,"column":15},"end":{"line":25,"column":23}},"11":{"start":{"line":26,"column":2},"end":{"line":41,"column":3}},"12":{"start":{"line":27,"column":17},"end":{"line":27,"column":56}},"13":{"start":{"line":28,"column":4},"end":{"line":28,"column":22}},"14":{"start":{"line":29,"column":4},"end":{"line":29,"column":30}},"15":{"start":{"line":30,"column":26},"end":{"line":30,"column":79}},"16":{"start":{"line":31,"column":4},"end":{"line":31,"column":48}},"17":{"start":{"line":32,"column":4},"end":{"line":38,"column":5}},"18":{"start":{"line":33,"column":6},"end":{"line":33,"column":48}},"19":{"start":{"line":36,"column":20},"end":{"line":36,"column":69}},"20":{"start":{"line":37,"column":6},"end":{"line":37,"column":59}},"21":{"start":{"line":40,"column":4},"end":{"line":40,"column":49}},"22":{"start":{"line":44,"column":0},"end":{"line":47,"column":2}}},"fnMap":{"0":{"name":"register","decl":{"start":{"line":6,"column":15},"end":{"line":6,"column":23}},"loc":{"start":{"line":6,"column":34},"end":{"line":22,"column":1}},"line":6},"1":{"name":"login","decl":{"start":{"line":24,"column":15},"end":{"line":24,"column":20}},"loc":{"start":{"line":24,"column":31},"end":{"line":42,"column":1}},"line":24}},"branchMap":{"0":{"loc":{"start":{"line":32,"column":4},"end":{"line":38,"column":5}},"type":"if","locations":[{"start":{"line":32,"column":4},"end":{"line":38,"column":5}},{"start":{"line":34,"column":11},"end":{"line":38,"column":5}}],"line":32}},"s":{"0":1,"1":1,"2":1,"3":0,"4":0,"5":0,"6":0,"7":0,"8":0,"9":0,"10":0,"11":0,"12":0,"13":0,"14":0,"15":0,"16":0,"17":0,"18":0,"19":0,"20":0,"21":0,"22":1},"f":{"0":0,"1":0},"b":{"0":[0,0]},"_coverageSchema":"1a1c01bbd47fc00a2c39e90264f33305004495a9","hash":"cd37b2b094ef2f20146d826626bae177f1ad937b"}
,"/Users/oliverthomas/Desktop/LFA/LAP 2/Project2/project-lap-2/server/db/connect.js": {"path":"/Users/oliverthomas/Desktop/LFA/LAP 2/Project2/project-lap-2/server/db/connect.js","statementMap":{"0":{"start":{"line":1,"column":17},"end":{"line":1,"column":30}},"1":{"start":{"line":4,"column":0},"end":{"line":13,"column":1}},"2":{"start":{"line":5,"column":4},"end":{"line":5,"column":26}},"3":{"start":{"line":6,"column":4},"end":{"line":8,"column":6}},"4":{"start":{"line":10,"column":4},"end":{"line":12,"column":6}},"5":{"start":{"line":16,"column":0},"end":{"line":16,"column":41}},"6":{"start":{"line":18,"column":0},"end":{"line":18,"column":20}}},"fnMap":{},"branchMap":{"0":{"loc":{"start":{"line":4,"column":0},"end":{"line":13,"column":1}},"type":"if","locations":[{"start":{"line":4,"column":0},"end":{"line":13,"column":1}},{"start":{"line":9,"column":7},"end":{"line":13,"column":1}}],"line":4}},"s":{"0":3,"1":3,"2":3,"3":3,"4":0,"5":3,"6":3},"f":{},"b":{"0":[3,0]},"_coverageSchema":"1a1c01bbd47fc00a2c39e90264f33305004495a9","hash":"be6a53d93c0215ef05d7b4a8634a15f0cef3e74c"}
,"/Users/oliverthomas/Desktop/LFA/LAP 2/Project2/project-lap-2/server/db/setup-test-db.js": {"path":"/Users/oliverthomas/Desktop/LFA/LAP 2/Project2/project-lap-2/server/db/setup-test-db.js","statementMap":{"0":{"start":{"line":2,"column":0},"end":{"line":2,"column":27}},"1":{"start":{"line":3,"column":11},"end":{"line":3,"column":32}},"2":{"start":{"line":7,"column":20},"end":{"line":52,"column":3}},"3":{"start":{"line":8,"column":4},"end":{"line":51,"column":7}},"4":{"start":{"line":55,"column":26},"end":{"line":63,"column":7}},"5":{"start":{"line":56,"column":8},"end":{"line":56,"column":182}},"6":{"start":{"line":58,"column":8},"end":{"line":58,"column":243}},"7":{"start":{"line":60,"column":8},"end":{"line":60,"column":83}},"8":{"start":{"line":62,"column":8},"end":{"line":62,"column":106}},"9":{"start":{"line":67,"column":25},"end":{"line":73,"column":5}},"10":{"start":{"line":68,"column":8},"end":{"line":72,"column":37}},"11":{"start":{"line":75,"column":4},"end":{"line":75,"column":66}}},"fnMap":{"0":{"name":"(anonymous_0)","decl":{"start":{"line":7,"column":20},"end":{"line":7,"column":21}},"loc":{"start":{"line":7,"column":32},"end":{"line":52,"column":3}},"line":7},"1":{"name":"(anonymous_1)","decl":{"start":{"line":55,"column":26},"end":{"line":55,"column":27}},"loc":{"start":{"line":55,"column":38},"end":{"line":63,"column":7}},"line":55},"2":{"name":"(anonymous_2)","decl":{"start":{"line":67,"column":25},"end":{"line":67,"column":26}},"loc":{"start":{"line":67,"column":37},"end":{"line":73,"column":5}},"line":67}},"branchMap":{},"s":{"0":1,"1":1,"2":1,"3":3,"4":1,"5":3,"6":3,"7":3,"8":3,"9":1,"10":3,"11":1},"f":{"0":3,"1":3,"2":3},"b":{},"_coverageSchema":"1a1c01bbd47fc00a2c39e90264f33305004495a9","hash":"614df4715f3028d494a79020046198957db7cb8d"}
,"/Users/oliverthomas/Desktop/LFA/LAP 2/Project2/project-lap-2/server/middleware/logger.js": {"path":"/Users/oliverthomas/Desktop/LFA/LAP 2/Project2/project-lap-2/server/middleware/logger.js","statementMap":{"0":{"start":{"line":2,"column":4},"end":{"line":2,"column":45}},"1":{"start":{"line":3,"column":4},"end":{"line":3,"column":11}},"2":{"start":{"line":6,"column":0},"end":{"line":6,"column":27}}},"fnMap":{"0":{"name":"logRoutes","decl":{"start":{"line":1,"column":9},"end":{"line":1,"column":18}},"loc":{"start":{"line":1,"column":35},"end":{"line":4,"column":1}},"line":1}},"branchMap":{},"s":{"0":3,"1":3,"2":1},"f":{"0":3},"b":{},"_coverageSchema":"1a1c01bbd47fc00a2c39e90264f33305004495a9","hash":"51a788927a5f092bc60486f6e98faf5cb114d6ca"}
,"/Users/oliverthomas/Desktop/LFA/LAP 2/Project2/project-lap-2/server/models/Applications.js": {"path":"/Users/oliverthomas/Desktop/LFA/LAP 2/Project2/project-lap-2/server/models/Applications.js","statementMap":{"0":{"start":{"line":1,"column":11},"end":{"line":1,"column":35}},"1":{"start":{"line":6,"column":8},"end":{"line":8,"column":30}},"2":{"start":{"line":12,"column":25},"end":{"line":12,"column":142}},"3":{"start":{"line":14,"column":8},"end":{"line":16,"column":9}},"4":{"start":{"line":15,"column":12},"end":{"line":15,"column":68}},"5":{"start":{"line":18,"column":8},"end":{"line":18,"column":48}},"6":{"start":{"line":22,"column":25},"end":{"line":22,"column":114}},"7":{"start":{"line":24,"column":8},"end":{"line":26,"column":9}},"8":{"start":{"line":25,"column":12},"end":{"line":25,"column":76}},"9":{"start":{"line":28,"column":8},"end":{"line":28,"column":48}},"10":{"start":{"line":32,"column":25},"end":{"line":32,"column":70}},"11":{"start":{"line":34,"column":8},"end":{"line":36,"column":9}},"12":{"start":{"line":35,"column":12},"end":{"line":35,"column":57}},"13":{"start":{"line":37,"column":8},"end":{"line":37,"column":84}},"14":{"start":{"line":37,"column":53},"end":{"line":37,"column":81}},"15":{"start":{"line":38,"column":8},"end":{"line":38,"column":77}},"16":{"start":{"line":38,"column":48},"end":{"line":38,"column":76}},"17":{"start":{"line":42,"column":25},"end":{"line":42,"column":123}},"18":{"start":{"line":44,"column":8},"end":{"line":46,"column":9}},"19":{"start":{"line":45,"column":12},"end":{"line":45,"column":78}},"20":{"start":{"line":48,"column":8},"end":{"line":48,"column":48}},"21":{"start":{"line":52,"column":0},"end":{"line":52,"column":29}}},"fnMap":{"0":{"name":"(anonymous_0)","decl":{"start":{"line":5,"column":4},"end":{"line":5,"column":5}},"loc":{"start":{"line":5,"column":52},"end":{"line":9,"column":5}},"line":5},"1":{"name":"(anonymous_1)","decl":{"start":{"line":11,"column":4},"end":{"line":11,"column":5}},"loc":{"start":{"line":11,"column":41},"end":{"line":19,"column":5}},"line":11},"2":{"name":"(anonymous_2)","decl":{"start":{"line":21,"column":4},"end":{"line":21,"column":5}},"loc":{"start":{"line":21,"column":44},"end":{"line":29,"column":5}},"line":21},"3":{"name":"(anonymous_3)","decl":{"start":{"line":31,"column":4},"end":{"line":31,"column":5}},"loc":{"start":{"line":31,"column":26},"end":{"line":39,"column":5}},"line":31},"4":{"name":"(anonymous_4)","decl":{"start":{"line":37,"column":38},"end":{"line":37,"column":39}},"loc":{"start":{"line":37,"column":53},"end":{"line":37,"column":81}},"line":37},"5":{"name":"(anonymous_5)","decl":{"start":{"line":38,"column":33},"end":{"line":38,"column":34}},"loc":{"start":{"line":38,"column":48},"end":{"line":38,"column":76}},"line":38},"6":{"name":"(anonymous_6)","decl":{"start":{"line":41,"column":4},"end":{"line":41,"column":5}},"loc":{"start":{"line":41,"column":33},"end":{"line":49,"column":5}},"line":41}},"branchMap":{"0":{"loc":{"start":{"line":14,"column":8},"end":{"line":16,"column":9}},"type":"if","locations":[{"start":{"line":14,"column":8},"end":{"line":16,"column":9}},{"start":{},"end":{}}],"line":14},"1":{"loc":{"start":{"line":24,"column":8},"end":{"line":26,"column":9}},"type":"if","locations":[{"start":{"line":24,"column":8},"end":{"line":26,"column":9}},{"start":{},"end":{}}],"line":24},"2":{"loc":{"start":{"line":34,"column":8},"end":{"line":36,"column":9}},"type":"if","locations":[{"start":{"line":34,"column":8},"end":{"line":36,"column":9}},{"start":{},"end":{}}],"line":34},"3":{"loc":{"start":{"line":44,"column":8},"end":{"line":46,"column":9}},"type":"if","locations":[{"start":{"line":44,"column":8},"end":{"line":46,"column":9}},{"start":{},"end":{}}],"line":44}},"s":{"0":1,"1":1,"2":1,"3":1,"4":0,"5":1,"6":0,"7":0,"8":0,"9":0,"10":0,"11":0,"12":0,"13":0,"14":0,"15":0,"16":0,"17":0,"18":0,"19":0,"20":0,"21":1},"f":{"0":1,"1":1,"2":0,"3":0,"4":0,"5":0,"6":0},"b":{"0":[0,1],"1":[0,0],"2":[0,0],"3":[0,0]},"_coverageSchema":"1a1c01bbd47fc00a2c39e90264f33305004495a9","hash":"d7faab7e77dc1373b24adbe54f9014c1d747b3fa"}
,"/Users/oliverthomas/Desktop/LFA/LAP 2/Project2/project-lap-2/server/models/Jobs.js": {"path":"/Users/oliverthomas/Desktop/LFA/LAP 2/Project2/project-lap-2/server/models/Jobs.js","statementMap":{"0":{"start":{"line":1,"column":11},"end":{"line":1,"column":35}},"1":{"start":{"line":6,"column":8},"end":{"line":14,"column":44}},"2":{"start":{"line":15,"column":8},"end":{"line":15,"column":30}},"3":{"start":{"line":20,"column":8},"end":{"line":29,"column":9}},"4":{"start":{"line":21,"column":29},"end":{"line":21,"column":146}},"5":{"start":{"line":22,"column":12},"end":{"line":24,"column":15}},"6":{"start":{"line":23,"column":16},"end":{"line":23,"column":57}},"7":{"start":{"line":25,"column":12},"end":{"line":25,"column":45}},"8":{"start":{"line":27,"column":12},"end":{"line":27,"column":64}},"9":{"start":{"line":28,"column":12},"end":{"line":28,"column":85}},"10":{"start":{"line":33,"column":25},"end":{"line":33,"column":139}},"11":{"start":{"line":34,"column":8},"end":{"line":36,"column":9}},"12":{"start":{"line":35,"column":12},"end":{"line":35,"column":50}},"13":{"start":{"line":38,"column":8},"end":{"line":38,"column":53}},"14":{"start":{"line":38,"column":40},"end":{"line":38,"column":52}},"15":{"start":{"line":44,"column":8},"end":{"line":55,"column":9}},"16":{"start":{"line":45,"column":27},"end":{"line":45,"column":175}},"17":{"start":{"line":47,"column":10},"end":{"line":49,"column":11}},"18":{"start":{"line":48,"column":12},"end":{"line":48,"column":53}},"19":{"start":{"line":51,"column":10},"end":{"line":51,"column":56}},"20":{"start":{"line":51,"column":42},"end":{"line":51,"column":54}},"21":{"start":{"line":53,"column":10},"end":{"line":53,"column":80}},"22":{"start":{"line":54,"column":10},"end":{"line":54,"column":22}},"23":{"start":{"line":59,"column":25},"end":{"line":59,"column":197}},"24":{"start":{"line":61,"column":8},"end":{"line":63,"column":9}},"25":{"start":{"line":62,"column":12},"end":{"line":62,"column":100}},"26":{"start":{"line":65,"column":8},"end":{"line":65,"column":53}},"27":{"start":{"line":65,"column":40},"end":{"line":65,"column":52}},"28":{"start":{"line":70,"column":25},"end":{"line":70,"column":269}},"29":{"start":{"line":72,"column":8},"end":{"line":74,"column":9}},"30":{"start":{"line":73,"column":12},"end":{"line":73,"column":113}},"31":{"start":{"line":75,"column":8},"end":{"line":75,"column":53}},"32":{"start":{"line":75,"column":40},"end":{"line":75,"column":52}},"33":{"start":{"line":79,"column":25},"end":{"line":79,"column":119}},"34":{"start":{"line":81,"column":8},"end":{"line":83,"column":9}},"35":{"start":{"line":82,"column":12},"end":{"line":82,"column":77}},"36":{"start":{"line":85,"column":8},"end":{"line":85,"column":28}},"37":{"start":{"line":92,"column":8},"end":{"line":94,"column":9}},"38":{"start":{"line":93,"column":12},"end":{"line":93,"column":55}},"39":{"start":{"line":95,"column":111},"end":{"line":95,"column":115}},"40":{"start":{"line":96,"column":25},"end":{"line":98,"column":9}},"41":{"start":{"line":100,"column":8},"end":{"line":102,"column":9}},"42":{"start":{"line":101,"column":12},"end":{"line":101,"column":52}},"43":{"start":{"line":104,"column":23},"end":{"line":104,"column":46}},"44":{"start":{"line":105,"column":23},"end":{"line":105,"column":51}},"45":{"start":{"line":107,"column":8},"end":{"line":107,"column":22}},"46":{"start":{"line":111,"column":25},"end":{"line":111,"column":232}},"47":{"start":{"line":113,"column":8},"end":{"line":115,"column":9}},"48":{"start":{"line":114,"column":12},"end":{"line":114,"column":20}},"49":{"start":{"line":117,"column":8},"end":{"line":117,"column":31}},"50":{"start":{"line":121,"column":8},"end":{"line":127,"column":9}},"51":{"start":{"line":122,"column":27},"end":{"line":122,"column":107}},"52":{"start":{"line":123,"column":10},"end":{"line":123,"column":34}},"53":{"start":{"line":125,"column":10},"end":{"line":125,"column":54}},"54":{"start":{"line":126,"column":10},"end":{"line":126,"column":75}},"55":{"start":{"line":134,"column":0},"end":{"line":134,"column":21}}},"fnMap":{"0":{"name":"(anonymous_0)","decl":{"start":{"line":4,"column":4},"end":{"line":4,"column":5}},"loc":{"start":{"line":5,"column":53},"end":{"line":16,"column":5}},"line":5},"1":{"name":"(anonymous_1)","decl":{"start":{"line":19,"column":4},"end":{"line":19,"column":5}},"loc":{"start":{"line":19,"column":35},"end":{"line":30,"column":5}},"line":19},"2":{"name":"(anonymous_2)","decl":{"start":{"line":32,"column":4},"end":{"line":32,"column":5}},"loc":{"start":{"line":32,"column":46},"end":{"line":39,"column":5}},"line":32},"3":{"name":"(anonymous_3)","decl":{"start":{"line":38,"column":33},"end":{"line":38,"column":34}},"loc":{"start":{"line":38,"column":40},"end":{"line":38,"column":52}},"line":38},"4":{"name":"(anonymous_4)","decl":{"start":{"line":43,"column":4},"end":{"line":43,"column":5}},"loc":{"start":{"line":43,"column":62},"end":{"line":56,"column":5}},"line":43},"5":{"name":"(anonymous_5)","decl":{"start":{"line":51,"column":35},"end":{"line":51,"column":36}},"loc":{"start":{"line":51,"column":42},"end":{"line":51,"column":54}},"line":51},"6":{"name":"(anonymous_6)","decl":{"start":{"line":58,"column":4},"end":{"line":58,"column":5}},"loc":{"start":{"line":58,"column":39},"end":{"line":66,"column":5}},"line":58},"7":{"name":"(anonymous_7)","decl":{"start":{"line":65,"column":33},"end":{"line":65,"column":34}},"loc":{"start":{"line":65,"column":40},"end":{"line":65,"column":52}},"line":65},"8":{"name":"(anonymous_8)","decl":{"start":{"line":68,"column":4},"end":{"line":68,"column":5}},"loc":{"start":{"line":68,"column":51},"end":{"line":76,"column":5}},"line":68},"9":{"name":"(anonymous_9)","decl":{"start":{"line":75,"column":33},"end":{"line":75,"column":34}},"loc":{"start":{"line":75,"column":40},"end":{"line":75,"column":52}},"line":75},"10":{"name":"(anonymous_10)","decl":{"start":{"line":78,"column":4},"end":{"line":78,"column":5}},"loc":{"start":{"line":78,"column":43},"end":{"line":86,"column":5}},"line":78},"11":{"name":"(anonymous_11)","decl":{"start":{"line":91,"column":4},"end":{"line":91,"column":5}},"loc":{"start":{"line":91,"column":33},"end":{"line":108,"column":5}},"line":91},"12":{"name":"(anonymous_12)","decl":{"start":{"line":110,"column":4},"end":{"line":110,"column":5}},"loc":{"start":{"line":110,"column":39},"end":{"line":118,"column":5}},"line":110},"13":{"name":"(anonymous_13)","decl":{"start":{"line":120,"column":4},"end":{"line":120,"column":5}},"loc":{"start":{"line":120,"column":20},"end":{"line":128,"column":7}},"line":120}},"branchMap":{"0":{"loc":{"start":{"line":22,"column":12},"end":{"line":24,"column":15}},"type":"if","locations":[{"start":{"line":22,"column":12},"end":{"line":24,"column":15}},{"start":{},"end":{}}],"line":22},"1":{"loc":{"start":{"line":34,"column":8},"end":{"line":36,"column":9}},"type":"if","locations":[{"start":{"line":34,"column":8},"end":{"line":36,"column":9}},{"start":{},"end":{}}],"line":34},"2":{"loc":{"start":{"line":47,"column":10},"end":{"line":49,"column":11}},"type":"if","locations":[{"start":{"line":47,"column":10},"end":{"line":49,"column":11}},{"start":{},"end":{}}],"line":47},"3":{"loc":{"start":{"line":61,"column":8},"end":{"line":63,"column":9}},"type":"if","locations":[{"start":{"line":61,"column":8},"end":{"line":63,"column":9}},{"start":{},"end":{}}],"line":61},"4":{"loc":{"start":{"line":72,"column":8},"end":{"line":74,"column":9}},"type":"if","locations":[{"start":{"line":72,"column":8},"end":{"line":74,"column":9}},{"start":{},"end":{}}],"line":72},"5":{"loc":{"start":{"line":81,"column":8},"end":{"line":83,"column":9}},"type":"if","locations":[{"start":{"line":81,"column":8},"end":{"line":83,"column":9}},{"start":{},"end":{}}],"line":81},"6":{"loc":{"start":{"line":92,"column":8},"end":{"line":94,"column":9}},"type":"if","locations":[{"start":{"line":92,"column":8},"end":{"line":94,"column":9}},{"start":{},"end":{}}],"line":92},"7":{"loc":{"start":{"line":100,"column":8},"end":{"line":102,"column":9}},"type":"if","locations":[{"start":{"line":100,"column":8},"end":{"line":102,"column":9}},{"start":{},"end":{}}],"line":100},"8":{"loc":{"start":{"line":113,"column":8},"end":{"line":115,"column":9}},"type":"if","locations":[{"start":{"line":113,"column":8},"end":{"line":115,"column":9}},{"start":{},"end":{}}],"line":113}},"s":{"0":3,"1":8,"2":8,"3":1,"4":1,"5":1,"6":0,"7":1,"8":0,"9":0,"10":4,"11":4,"12":1,"13":3,"14":6,"15":0,"16":0,"17":0,"18":0,"19":0,"20":0,"21":0,"22":0,"23":1,"24":1,"25":0,"26":1,"27":1,"28":0,"29":0,"30":0,"31":0,"32":0,"33":0,"34":0,"35":0,"36":0,"37":0,"38":0,"39":0,"40":0,"41":0,"42":0,"43":0,"44":0,"45":0,"46":1,"47":1,"48":0,"49":1,"50":0,"51":0,"52":0,"53":0,"54":0,"55":3},"f":{"0":8,"1":1,"2":4,"3":6,"4":0,"5":0,"6":1,"7":1,"8":0,"9":0,"10":0,"11":0,"12":1,"13":0},"b":{"0":[0,1],"1":[1,3],"2":[0,0],"3":[0,1],"4":[0,0],"5":[0,0],"6":[0,0],"7":[0,0],"8":[0,1]},"_coverageSchema":"1a1c01bbd47fc00a2c39e90264f33305004495a9","hash":"f79873cafcd1a31c84b75f970b34654826b037e9"}
,"/Users/oliverthomas/Desktop/LFA/LAP 2/Project2/project-lap-2/server/models/token.js": {"path":"/Users/oliverthomas/Desktop/LFA/LAP 2/Project2/project-lap-2/server/models/token.js","statementMap":{"0":{"start":{"line":1,"column":23},"end":{"line":1,"column":38}},"1":{"start":{"line":3,"column":11},"end":{"line":3,"column":35}},"2":{"start":{"line":7,"column":4},"end":{"line":7,"column":29}},"3":{"start":{"line":8,"column":4},"end":{"line":8,"column":27}},"4":{"start":{"line":9,"column":4},"end":{"line":9,"column":23}},"5":{"start":{"line":10,"column":4},"end":{"line":10,"column":43}},"6":{"start":{"line":15,"column":18},"end":{"line":15,"column":26}},"7":{"start":{"line":16,"column":21},"end":{"line":19,"column":5}},"8":{"start":{"line":20,"column":18},"end":{"line":20,"column":43}},"9":{"start":{"line":21,"column":21},"end":{"line":21,"column":50}},"10":{"start":{"line":22,"column":4},"end":{"line":22,"column":20}},"11":{"start":{"line":26,"column":21},"end":{"line":28,"column":6}},"12":{"start":{"line":29,"column":4},"end":{"line":33,"column":5}},"13":{"start":{"line":30,"column":6},"end":{"line":30,"column":49}},"14":{"start":{"line":32,"column":6},"end":{"line":32,"column":41}},"15":{"start":{"line":37,"column":21},"end":{"line":39,"column":6}},"16":{"start":{"line":40,"column":4},"end":{"line":44,"column":5}},"17":{"start":{"line":41,"column":6},"end":{"line":41,"column":49}},"18":{"start":{"line":43,"column":6},"end":{"line":43,"column":41}},"19":{"start":{"line":48,"column":0},"end":{"line":48,"column":23}}},"fnMap":{"0":{"name":"(anonymous_0)","decl":{"start":{"line":6,"column":2},"end":{"line":6,"column":3}},"loc":{"start":{"line":6,"column":61},"end":{"line":11,"column":3}},"line":6},"1":{"name":"(anonymous_1)","decl":{"start":{"line":13,"column":2},"end":{"line":13,"column":3}},"loc":{"start":{"line":13,"column":43},"end":{"line":23,"column":3}},"line":13},"2":{"name":"(anonymous_2)","decl":{"start":{"line":25,"column":2},"end":{"line":25,"column":3}},"loc":{"start":{"line":25,"column":30},"end":{"line":34,"column":3}},"line":25},"3":{"name":"(anonymous_3)","decl":{"start":{"line":36,"column":2},"end":{"line":36,"column":3}},"loc":{"start":{"line":36,"column":36},"end":{"line":45,"column":3}},"line":36}},"branchMap":{"0":{"loc":{"start":{"line":29,"column":4},"end":{"line":33,"column":5}},"type":"if","locations":[{"start":{"line":29,"column":4},"end":{"line":33,"column":5}},{"start":{"line":31,"column":11},"end":{"line":33,"column":5}}],"line":29},"1":{"loc":{"start":{"line":40,"column":4},"end":{"line":44,"column":5}},"type":"if","locations":[{"start":{"line":40,"column":4},"end":{"line":44,"column":5}},{"start":{"line":42,"column":11},"end":{"line":44,"column":5}}],"line":40}},"s":{"0":1,"1":1,"2":0,"3":0,"4":0,"5":0,"6":0,"7":0,"8":0,"9":0,"10":0,"11":0,"12":0,"13":0,"14":0,"15":0,"16":0,"17":0,"18":0,"19":1},"f":{"0":0,"1":0,"2":0,"3":0},"b":{"0":[0,0],"1":[0,0]},"_coverageSchema":"1a1c01bbd47fc00a2c39e90264f33305004495a9","hash":"2273b3da559198508ff462698941794122d577e5"}
,"/Users/oliverthomas/Desktop/LFA/LAP 2/Project2/project-lap-2/server/models/user.js": {"path":"/Users/oliverthomas/Desktop/LFA/LAP 2/Project2/project-lap-2/server/models/user.js","statementMap":{"0":{"start":{"line":1,"column":11},"end":{"line":1,"column":35}},"1":{"start":{"line":6,"column":8},"end":{"line":12,"column":30}},"2":{"start":{"line":17,"column":25},"end":{"line":17,"column":82}},"3":{"start":{"line":18,"column":8},"end":{"line":20,"column":9}},"4":{"start":{"line":19,"column":12},"end":{"line":19,"column":54}},"5":{"start":{"line":21,"column":8},"end":{"line":21,"column":42}},"6":{"start":{"line":26,"column":25},"end":{"line":26,"column":88}},"7":{"start":{"line":27,"column":8},"end":{"line":27,"column":35}},"8":{"start":{"line":28,"column":8},"end":{"line":30,"column":9}},"9":{"start":{"line":29,"column":12},"end":{"line":29,"column":54}},"10":{"start":{"line":31,"column":8},"end":{"line":31,"column":42}},"11":{"start":{"line":36,"column":81},"end":{"line":36,"column":85}},"12":{"start":{"line":38,"column":23},"end":{"line":39,"column":76}},"13":{"start":{"line":40,"column":22},"end":{"line":40,"column":41}},"14":{"start":{"line":42,"column":24},"end":{"line":42,"column":52}},"15":{"start":{"line":43,"column":8},"end":{"line":43,"column":23}},"16":{"start":{"line":47,"column":0},"end":{"line":47,"column":22}}},"fnMap":{"0":{"name":"(anonymous_0)","decl":{"start":{"line":5,"column":4},"end":{"line":5,"column":5}},"loc":{"start":{"line":5,"column":86},"end":{"line":13,"column":5}},"line":5},"1":{"name":"(anonymous_1)","decl":{"start":{"line":16,"column":4},"end":{"line":16,"column":5}},"loc":{"start":{"line":16,"column":32},"end":{"line":22,"column":5}},"line":16},"2":{"name":"(anonymous_2)","decl":{"start":{"line":25,"column":4},"end":{"line":25,"column":5}},"loc":{"start":{"line":25,"column":41},"end":{"line":32,"column":5}},"line":25},"3":{"name":"(anonymous_3)","decl":{"start":{"line":35,"column":4},"end":{"line":35,"column":5}},"loc":{"start":{"line":35,"column":30},"end":{"line":44,"column":5}},"line":35}},"branchMap":{"0":{"loc":{"start":{"line":18,"column":8},"end":{"line":20,"column":9}},"type":"if","locations":[{"start":{"line":18,"column":8},"end":{"line":20,"column":9}},{"start":{},"end":{}}],"line":18},"1":{"loc":{"start":{"line":28,"column":8},"end":{"line":30,"column":9}},"type":"if","locations":[{"start":{"line":28,"column":8},"end":{"line":30,"column":9}},{"start":{},"end":{}}],"line":28}},"s":{"0":1,"1":0,"2":0,"3":0,"4":0,"5":0,"6":0,"7":0,"8":0,"9":0,"10":0,"11":0,"12":0,"13":0,"14":0,"15":0,"16":1},"f":{"0":0,"1":0,"2":0,"3":0},"b":{"0":[0,0],"1":[0,0]},"_coverageSchema":"1a1c01bbd47fc00a2c39e90264f33305004495a9","hash":"74ea1efe939e1d54a8a9179d92626ca915389174"}
,"/Users/oliverthomas/Desktop/LFA/LAP 2/Project2/project-lap-2/server/routers/applications.js": {"path":"/Users/oliverthomas/Desktop/LFA/LAP 2/Project2/project-lap-2/server/routers/applications.js","statementMap":{"0":{"start":{"line":1,"column":17},"end":{"line":1,"column":35}},"1":{"start":{"line":3,"column":30},"end":{"line":3,"column":68}},"2":{"start":{"line":5,"column":26},"end":{"line":5,"column":34}},"3":{"start":{"line":7,"column":0},"end":{"line":7,"column":64}},"4":{"start":{"line":8,"column":0},"end":{"line":8,"column":60}},"5":{"start":{"line":9,"column":0},"end":{"line":9,"column":73}},"6":{"start":{"line":10,"column":0},"end":{"line":10,"column":79}},"7":{"start":{"line":12,"column":0},"end":{"line":12,"column":35}}},"fnMap":{},"branchMap":{},"s":{"0":1,"1":1,"2":1,"3":1,"4":1,"5":1,"6":1,"7":1},"f":{},"b":{},"_coverageSchema":"1a1c01bbd47fc00a2c39e90264f33305004495a9","hash":"adc41a7a216e5a99417ba3834fc1c6b7206399df"}
,"/Users/oliverthomas/Desktop/LFA/LAP 2/Project2/project-lap-2/server/routers/jobs.js": {"path":"/Users/oliverthomas/Desktop/LFA/LAP 2/Project2/project-lap-2/server/routers/jobs.js","statementMap":{"0":{"start":{"line":1,"column":19},"end":{"line":1,"column":37}},"1":{"start":{"line":2,"column":22},"end":{"line":2,"column":52}},"2":{"start":{"line":8,"column":18},"end":{"line":8,"column":26}},"3":{"start":{"line":11,"column":0},"end":{"line":11,"column":74}},"4":{"start":{"line":14,"column":0},"end":{"line":14,"column":66}},"5":{"start":{"line":17,"column":0},"end":{"line":17,"column":56}},"6":{"start":{"line":20,"column":0},"end":{"line":20,"column":62}},"7":{"start":{"line":23,"column":0},"end":{"line":23,"column":66}},"8":{"start":{"line":26,"column":0},"end":{"line":30,"column":2}},"9":{"start":{"line":33,"column":0},"end":{"line":33,"column":55}},"10":{"start":{"line":35,"column":0},"end":{"line":35,"column":42}},"11":{"start":{"line":37,"column":0},"end":{"line":37,"column":48}},"12":{"start":{"line":40,"column":0},"end":{"line":40,"column":42}},"13":{"start":{"line":42,"column":0},"end":{"line":42,"column":27}}},"fnMap":{},"branchMap":{},"s":{"0":2,"1":2,"2":2,"3":2,"4":2,"5":2,"6":2,"7":2,"8":2,"9":2,"10":2,"11":2,"12":2,"13":2},"f":{},"b":{},"_coverageSchema":"1a1c01bbd47fc00a2c39e90264f33305004495a9","hash":"fa017ca1aeca2ca826a426e425b509ffc9f351aa"}
,"/Users/oliverthomas/Desktop/LFA/LAP 2/Project2/project-lap-2/server/routers/user.js": {"path":"/Users/oliverthomas/Desktop/LFA/LAP 2/Project2/project-lap-2/server/routers/user.js","statementMap":{"0":{"start":{"line":1,"column":17},"end":{"line":1,"column":35}},"1":{"start":{"line":2,"column":19},"end":{"line":2,"column":27}},"2":{"start":{"line":4,"column":23},"end":{"line":4,"column":53}},"3":{"start":{"line":6,"column":0},"end":{"line":6,"column":54}},"4":{"start":{"line":7,"column":0},"end":{"line":7,"column":48}},"5":{"start":{"line":9,"column":0},"end":{"line":9,"column":28}}},"fnMap":{},"branchMap":{},"s":{"0":1,"1":1,"2":1,"3":1,"4":1,"5":1},"f":{},"b":{},"_coverageSchema":"1a1c01bbd47fc00a2c39e90264f33305004495a9","hash":"91ce6088c940e015442c38a54bad6cd33f642dfc"}
}
