{"/Users/oliverthomas/Desktop/LFA/LAP 2/Project2/project-lap-2/server/controllers/jobs.js": {"path":"/Users/oliverthomas/Desktop/LFA/LAP 2/Project2/project-lap-2/server/controllers/jobs.js","statementMap":{"0":{"start":{"line":1,"column":12},"end":{"line":1,"column":40}},"1":{"start":{"line":5,"column":4},"end":{"line":13,"column":5}},"2":{"start":{"line":6,"column":21},"end":{"line":6,"column":59}},"3":{"start":{"line":7,"column":8},"end":{"line":9,"column":9}},"4":{"start":{"line":8,"column":12},"end":{"line":8,"column":51}},"5":{"start":{"line":10,"column":8},"end":{"line":10,"column":35}},"6":{"start":{"line":12,"column":8},"end":{"line":12,"column":53}},"7":{"start":{"line":18,"column":4},"end":{"line":26,"column":5}},"8":{"start":{"line":19,"column":32},"end":{"line":19,"column":45}},"9":{"start":{"line":21,"column":26},"end":{"line":21,"column":80}},"10":{"start":{"line":23,"column":8},"end":{"line":23,"column":39}},"11":{"start":{"line":25,"column":8},"end":{"line":25,"column":53}},"12":{"start":{"line":33,"column":4},"end":{"line":45,"column":5}},"13":{"start":{"line":34,"column":21},"end":{"line":34,"column":34}},"14":{"start":{"line":37,"column":18},"end":{"line":37,"column":46}},"15":{"start":{"line":38,"column":6},"end":{"line":40,"column":7}},"16":{"start":{"line":39,"column":8},"end":{"line":39,"column":42}},"17":{"start":{"line":42,"column":6},"end":{"line":42,"column":32}},"18":{"start":{"line":44,"column":6},"end":{"line":44,"column":51}},"19":{"start":{"line":52,"column":4},"end":{"line":58,"column":5}},"20":{"start":{"line":53,"column":21},"end":{"line":53,"column":29}},"21":{"start":{"line":54,"column":25},"end":{"line":54,"column":50}},"22":{"start":{"line":55,"column":8},"end":{"line":55,"column":39}},"23":{"start":{"line":57,"column":8},"end":{"line":57,"column":52}},"24":{"start":{"line":63,"column":4},"end":{"line":70,"column":5}},"25":{"start":{"line":64,"column":8},"end":{"line":64,"column":47}},"26":{"start":{"line":65,"column":21},"end":{"line":65,"column":52}},"27":{"start":{"line":67,"column":8},"end":{"line":67,"column":35}},"28":{"start":{"line":69,"column":8},"end":{"line":69,"column":53}},"29":{"start":{"line":75,"column":4},"end":{"line":84,"column":5}},"30":{"start":{"line":76,"column":8},"end":{"line":76,"column":47}},"31":{"start":{"line":77,"column":8},"end":{"line":77,"column":31}},"32":{"start":{"line":79,"column":21},"end":{"line":79,"column":64}},"33":{"start":{"line":81,"column":8},"end":{"line":81,"column":35}},"34":{"start":{"line":83,"column":8},"end":{"line":83,"column":53}},"35":{"start":{"line":88,"column":4},"end":{"line":99,"column":5}},"36":{"start":{"line":89,"column":23},"end":{"line":89,"column":36}},"37":{"start":{"line":90,"column":20},"end":{"line":90,"column":48}},"38":{"start":{"line":92,"column":8},"end":{"line":94,"column":9}},"39":{"start":{"line":93,"column":12},"end":{"line":93,"column":46}},"40":{"start":{"line":95,"column":8},"end":{"line":95,"column":28}},"41":{"start":{"line":96,"column":8},"end":{"line":96,"column":30}},"42":{"start":{"line":98,"column":8},"end":{"line":98,"column":53}},"43":{"start":{"line":103,"column":4},"end":{"line":110,"column":5}},"44":{"start":{"line":104,"column":24},"end":{"line":104,"column":52}},"45":{"start":{"line":105,"column":22},"end":{"line":105,"column":53}},"46":{"start":{"line":107,"column":8},"end":{"line":107,"column":35}},"47":{"start":{"line":109,"column":8},"end":{"line":109,"column":53}},"48":{"start":{"line":117,"column":0},"end":{"line":118,"column":57}}},"fnMap":{"0":{"name":"index","decl":{"start":{"line":4,"column":15},"end":{"line":4,"column":20}},"loc":{"start":{"line":4,"column":31},"end":{"line":14,"column":1}},"line":4},"1":{"name":"show","decl":{"start":{"line":17,"column":15},"end":{"line":17,"column":19}},"loc":{"start":{"line":17,"column":30},"end":{"line":28,"column":1}},"line":17},"2":{"name":"showJobsById","decl":{"start":{"line":32,"column":15},"end":{"line":32,"column":27}},"loc":{"start":{"line":32,"column":38},"end":{"line":46,"column":3}},"line":32},"3":{"name":"create","decl":{"start":{"line":51,"column":15},"end":{"line":51,"column":21}},"loc":{"start":{"line":51,"column":32},"end":{"line":59,"column":1}},"line":51},"4":{"name":"userJobs","decl":{"start":{"line":62,"column":15},"end":{"line":62,"column":23}},"loc":{"start":{"line":62,"column":34},"end":{"line":71,"column":1}},"line":62},"5":{"name":"userJobsDate","decl":{"start":{"line":74,"column":15},"end":{"line":74,"column":27}},"loc":{"start":{"line":74,"column":38},"end":{"line":85,"column":1}},"line":74},"6":{"name":"destroy","decl":{"start":{"line":87,"column":15},"end":{"line":87,"column":22}},"loc":{"start":{"line":87,"column":33},"end":{"line":100,"column":1}},"line":87},"7":{"name":"getHours","decl":{"start":{"line":102,"column":15},"end":{"line":102,"column":23}},"loc":{"start":{"line":102,"column":34},"end":{"line":111,"column":1}},"line":102}},"branchMap":{"0":{"loc":{"start":{"line":7,"column":8},"end":{"line":9,"column":9}},"type":"if","locations":[{"start":{"line":7,"column":8},"end":{"line":9,"column":9}},{"start":{},"end":{}}],"line":7},"1":{"loc":{"start":{"line":38,"column":6},"end":{"line":40,"column":7}},"type":"if","locations":[{"start":{"line":38,"column":6},"end":{"line":40,"column":7}},{"start":{},"end":{}}],"line":38},"2":{"loc":{"start":{"line":92,"column":8},"end":{"line":94,"column":9}},"type":"if","locations":[{"start":{"line":92,"column":8},"end":{"line":94,"column":9}},{"start":{},"end":{}}],"line":92}},"s":{"0":1,"1":6,"2":6,"3":6,"4":1,"5":5,"6":1,"7":0,"8":0,"9":0,"10":0,"11":0,"12":0,"13":0,"14":0,"15":0,"16":0,"17":0,"18":0,"19":0,"20":0,"21":0,"22":0,"23":0,"24":5,"25":5,"26":5,"27":5,"28":0,"29":0,"30":0,"31":0,"32":0,"33":0,"34":0,"35":0,"36":0,"37":0,"38":0,"39":0,"40":0,"41":0,"42":0,"43":0,"44":0,"45":0,"46":0,"47":0,"48":1},"f":{"0":6,"1":0,"2":0,"3":0,"4":5,"5":0,"6":0,"7":0},"b":{"0":[1,5],"1":[0,0],"2":[0,0]},"_coverageSchema":"1a1c01bbd47fc00a2c39e90264f33305004495a9","hash":"a36bfff6ccd7cd7ced5fd4fc64ac7b8cf1a1c282"}
,"/Users/oliverthomas/Desktop/LFA/LAP 2/Project2/project-lap-2/server/db/connect.js": {"path":"/Users/oliverthomas/Desktop/LFA/LAP 2/Project2/project-lap-2/server/db/connect.js","statementMap":{"0":{"start":{"line":1,"column":17},"end":{"line":1,"column":30}},"1":{"start":{"line":3,"column":11},"end":{"line":5,"column":2}},"2":{"start":{"line":7,"column":0},"end":{"line":7,"column":19}}},"fnMap":{},"branchMap":{},"s":{"0":1,"1":1,"2":1},"f":{},"b":{},"_coverageSchema":"1a1c01bbd47fc00a2c39e90264f33305004495a9","hash":"36cf09748b3a5fd0965e7b14eb851a0eea6671f8"}
,"/Users/oliverthomas/Desktop/LFA/LAP 2/Project2/project-lap-2/server/models/Jobs.js": {"path":"/Users/oliverthomas/Desktop/LFA/LAP 2/Project2/project-lap-2/server/models/Jobs.js","statementMap":{"0":{"start":{"line":1,"column":11},"end":{"line":1,"column":35}},"1":{"start":{"line":6,"column":8},"end":{"line":14,"column":44}},"2":{"start":{"line":19,"column":8},"end":{"line":28,"column":9}},"3":{"start":{"line":20,"column":29},"end":{"line":20,"column":92}},"4":{"start":{"line":21,"column":12},"end":{"line":23,"column":15}},"5":{"start":{"line":22,"column":16},"end":{"line":22,"column":57}},"6":{"start":{"line":24,"column":12},"end":{"line":24,"column":45}},"7":{"start":{"line":26,"column":12},"end":{"line":26,"column":64}},"8":{"start":{"line":27,"column":12},"end":{"line":27,"column":85}},"9":{"start":{"line":32,"column":25},"end":{"line":32,"column":85}},"10":{"start":{"line":33,"column":8},"end":{"line":35,"column":9}},"11":{"start":{"line":34,"column":12},"end":{"line":34,"column":50}},"12":{"start":{"line":37,"column":8},"end":{"line":37,"column":53}},"13":{"start":{"line":37,"column":40},"end":{"line":37,"column":52}},"14":{"start":{"line":43,"column":8},"end":{"line":57,"column":9}},"15":{"start":{"line":44,"column":27},"end":{"line":44,"column":179}},"16":{"start":{"line":46,"column":10},"end":{"line":48,"column":11}},"17":{"start":{"line":47,"column":12},"end":{"line":47,"column":53}},"18":{"start":{"line":50,"column":10},"end":{"line":53,"column":14}},"19":{"start":{"line":50,"column":45},"end":{"line":53,"column":11}},"20":{"start":{"line":55,"column":10},"end":{"line":55,"column":80}},"21":{"start":{"line":56,"column":10},"end":{"line":56,"column":22}},"22":{"start":{"line":61,"column":25},"end":{"line":61,"column":148}},"23":{"start":{"line":63,"column":8},"end":{"line":65,"column":9}},"24":{"start":{"line":64,"column":12},"end":{"line":64,"column":100}},"25":{"start":{"line":67,"column":8},"end":{"line":67,"column":53}},"26":{"start":{"line":67,"column":40},"end":{"line":67,"column":52}},"27":{"start":{"line":72,"column":25},"end":{"line":72,"column":220}},"28":{"start":{"line":73,"column":8},"end":{"line":75,"column":9}},"29":{"start":{"line":74,"column":12},"end":{"line":74,"column":113}},"30":{"start":{"line":76,"column":8},"end":{"line":76,"column":53}},"31":{"start":{"line":76,"column":40},"end":{"line":76,"column":52}},"32":{"start":{"line":80,"column":8},"end":{"line":91,"column":9}},"33":{"start":{"line":81,"column":104},"end":{"line":81,"column":108}},"34":{"start":{"line":82,"column":29},"end":{"line":84,"column":13}},"35":{"start":{"line":85,"column":27},"end":{"line":85,"column":50}},"36":{"start":{"line":86,"column":27},"end":{"line":86,"column":74}},"37":{"start":{"line":87,"column":12},"end":{"line":87,"column":26}},"38":{"start":{"line":89,"column":8},"end":{"line":89,"column":52}},"39":{"start":{"line":90,"column":8},"end":{"line":90,"column":73}},"40":{"start":{"line":95,"column":25},"end":{"line":95,"column":214}},"41":{"start":{"line":97,"column":8},"end":{"line":99,"column":9}},"42":{"start":{"line":98,"column":12},"end":{"line":98,"column":20}},"43":{"start":{"line":101,"column":8},"end":{"line":101,"column":31}},"44":{"start":{"line":105,"column":8},"end":{"line":111,"column":9}},"45":{"start":{"line":106,"column":27},"end":{"line":106,"column":107}},"46":{"start":{"line":107,"column":10},"end":{"line":107,"column":34}},"47":{"start":{"line":109,"column":10},"end":{"line":109,"column":54}},"48":{"start":{"line":110,"column":10},"end":{"line":110,"column":75}},"49":{"start":{"line":118,"column":0},"end":{"line":118,"column":21}}},"fnMap":{"0":{"name":"(anonymous_0)","decl":{"start":{"line":4,"column":4},"end":{"line":4,"column":5}},"loc":{"start":{"line":5,"column":44},"end":{"line":15,"column":5}},"line":5},"1":{"name":"(anonymous_1)","decl":{"start":{"line":18,"column":4},"end":{"line":18,"column":5}},"loc":{"start":{"line":18,"column":35},"end":{"line":29,"column":5}},"line":18},"2":{"name":"(anonymous_2)","decl":{"start":{"line":31,"column":4},"end":{"line":31,"column":5}},"loc":{"start":{"line":31,"column":46},"end":{"line":38,"column":5}},"line":31},"3":{"name":"(anonymous_3)","decl":{"start":{"line":37,"column":33},"end":{"line":37,"column":34}},"loc":{"start":{"line":37,"column":40},"end":{"line":37,"column":52}},"line":37},"4":{"name":"(anonymous_4)","decl":{"start":{"line":42,"column":4},"end":{"line":42,"column":5}},"loc":{"start":{"line":42,"column":62},"end":{"line":58,"column":5}},"line":42},"5":{"name":"(anonymous_5)","decl":{"start":{"line":50,"column":35},"end":{"line":50,"column":36}},"loc":{"start":{"line":50,"column":45},"end":{"line":53,"column":11}},"line":50},"6":{"name":"(anonymous_6)","decl":{"start":{"line":60,"column":4},"end":{"line":60,"column":5}},"loc":{"start":{"line":60,"column":39},"end":{"line":68,"column":5}},"line":60},"7":{"name":"(anonymous_7)","decl":{"start":{"line":67,"column":33},"end":{"line":67,"column":34}},"loc":{"start":{"line":67,"column":40},"end":{"line":67,"column":52}},"line":67},"8":{"name":"(anonymous_8)","decl":{"start":{"line":70,"column":4},"end":{"line":70,"column":5}},"loc":{"start":{"line":70,"column":51},"end":{"line":77,"column":5}},"line":70},"9":{"name":"(anonymous_9)","decl":{"start":{"line":76,"column":33},"end":{"line":76,"column":34}},"loc":{"start":{"line":76,"column":40},"end":{"line":76,"column":52}},"line":76},"10":{"name":"(anonymous_10)","decl":{"start":{"line":79,"column":4},"end":{"line":79,"column":5}},"loc":{"start":{"line":79,"column":33},"end":{"line":92,"column":5}},"line":79},"11":{"name":"(anonymous_11)","decl":{"start":{"line":94,"column":4},"end":{"line":94,"column":5}},"loc":{"start":{"line":94,"column":39},"end":{"line":102,"column":5}},"line":94},"12":{"name":"(anonymous_12)","decl":{"start":{"line":104,"column":4},"end":{"line":104,"column":5}},"loc":{"start":{"line":104,"column":20},"end":{"line":112,"column":7}},"line":104}},"branchMap":{"0":{"loc":{"start":{"line":21,"column":12},"end":{"line":23,"column":15}},"type":"if","locations":[{"start":{"line":21,"column":12},"end":{"line":23,"column":15}},{"start":{},"end":{}}],"line":21},"1":{"loc":{"start":{"line":33,"column":8},"end":{"line":35,"column":9}},"type":"if","locations":[{"start":{"line":33,"column":8},"end":{"line":35,"column":9}},{"start":{},"end":{}}],"line":33},"2":{"loc":{"start":{"line":46,"column":10},"end":{"line":48,"column":11}},"type":"if","locations":[{"start":{"line":46,"column":10},"end":{"line":48,"column":11}},{"start":{},"end":{}}],"line":46},"3":{"loc":{"start":{"line":63,"column":8},"end":{"line":65,"column":9}},"type":"if","locations":[{"start":{"line":63,"column":8},"end":{"line":65,"column":9}},{"start":{},"end":{}}],"line":63},"4":{"loc":{"start":{"line":73,"column":8},"end":{"line":75,"column":9}},"type":"if","locations":[{"start":{"line":73,"column":8},"end":{"line":75,"column":9}},{"start":{},"end":{}}],"line":73},"5":{"loc":{"start":{"line":97,"column":8},"end":{"line":99,"column":9}},"type":"if","locations":[{"start":{"line":97,"column":8},"end":{"line":99,"column":9}},{"start":{},"end":{}}],"line":97}},"s":{"0":1,"1":0,"2":0,"3":0,"4":0,"5":0,"6":0,"7":0,"8":0,"9":0,"10":0,"11":0,"12":0,"13":0,"14":0,"15":0,"16":0,"17":0,"18":0,"19":0,"20":0,"21":0,"22":0,"23":0,"24":0,"25":0,"26":0,"27":0,"28":0,"29":0,"30":0,"31":0,"32":0,"33":0,"34":0,"35":0,"36":0,"37":0,"38":0,"39":0,"40":0,"41":0,"42":0,"43":0,"44":0,"45":0,"46":0,"47":0,"48":0,"49":1},"f":{"0":0,"1":0,"2":0,"3":0,"4":0,"5":0,"6":0,"7":0,"8":0,"9":0,"10":0,"11":0,"12":0},"b":{"0":[0,0],"1":[0,0],"2":[0,0],"3":[0,0],"4":[0,0],"5":[0,0]},"_coverageSchema":"1a1c01bbd47fc00a2c39e90264f33305004495a9","hash":"c95eb0a141ca69e827bae7d668426150ce0f3da3"}
,"/Users/oliverthomas/Desktop/LFA/LAP 2/Project2/project-lap-2/server/routers/jobs.js": {"path":"/Users/oliverthomas/Desktop/LFA/LAP 2/Project2/project-lap-2/server/routers/jobs.js","statementMap":{"0":{"start":{"line":1,"column":17},"end":{"line":1,"column":35}},"1":{"start":{"line":3,"column":22},"end":{"line":3,"column":52}},"2":{"start":{"line":5,"column":18},"end":{"line":5,"column":26}},"3":{"start":{"line":8,"column":0},"end":{"line":8,"column":46}},"4":{"start":{"line":11,"column":0},"end":{"line":11,"column":66}},"5":{"start":{"line":14,"column":0},"end":{"line":14,"column":56}},"6":{"start":{"line":17,"column":0},"end":{"line":17,"column":62}},"7":{"start":{"line":20,"column":0},"end":{"line":20,"column":56}},"8":{"start":{"line":23,"column":0},"end":{"line":23,"column":55}},"9":{"start":{"line":25,"column":0},"end":{"line":25,"column":42}},"10":{"start":{"line":27,"column":0},"end":{"line":27,"column":48}},"11":{"start":{"line":35,"column":0},"end":{"line":35,"column":42}},"12":{"start":{"line":37,"column":0},"end":{"line":37,"column":27}}},"fnMap":{},"branchMap":{},"s":{"0":1,"1":1,"2":1,"3":1,"4":1,"5":1,"6":1,"7":1,"8":1,"9":1,"10":1,"11":1,"12":1},"f":{},"b":{},"_coverageSchema":"1a1c01bbd47fc00a2c39e90264f33305004495a9","hash":"c643d6c0b1634ee1aa982c45984054157eeb8746"}
}
