TN:
SF:controllers/jobs.js
FN:4,index
FN:17,show
FN:32,showJobsById
FN:51,create
FN:62,userJobs
FN:74,userJobsDate
FN:87,destroy
FN:102,getHours
FNF:8
FNH:2
FNDA:6,index
FNDA:0,show
FNDA:0,showJobsById
FNDA:0,create
FNDA:5,userJobs
FNDA:0,userJobsDate
FNDA:0,destroy
FNDA:0,getHours
DA:1,1
DA:5,6
DA:6,6
DA:7,6
DA:8,1
DA:10,5
DA:12,1
DA:18,0
DA:19,0
DA:21,0
DA:23,0
DA:25,0
DA:33,0
DA:34,0
DA:37,0
DA:38,0
DA:39,0
DA:42,0
DA:44,0
DA:52,0
DA:53,0
DA:54,0
DA:55,0
DA:57,0
DA:63,5
DA:64,5
DA:65,5
DA:67,5
DA:69,0
DA:75,0
DA:76,0
DA:77,0
DA:79,0
DA:81,0
DA:83,0
DA:88,0
DA:89,0
DA:90,0
DA:92,0
DA:93,0
DA:95,0
DA:96,0
DA:98,0
DA:103,0
DA:104,0
DA:105,0
DA:107,0
DA:109,0
DA:117,1
LF:49
LH:12
BRDA:7,0,0,1
BRDA:7,0,1,5
BRDA:38,1,0,0
BRDA:38,1,1,0
BRDA:92,2,0,0
BRDA:92,2,1,0
BRF:6
BRH:2
end_of_record
TN:
SF:db/connect.js
FNF:0
FNH:0
DA:1,1
DA:3,1
DA:7,1
LF:3
LH:3
BRF:0
BRH:0
end_of_record
TN:
SF:models/Jobs.js
FN:4,(anonymous_0)
FN:18,(anonymous_1)
FN:31,(anonymous_2)
FN:37,(anonymous_3)
FN:42,(anonymous_4)
FN:50,(anonymous_5)
FN:60,(anonymous_6)
FN:67,(anonymous_7)
FN:70,(anonymous_8)
FN:76,(anonymous_9)
FN:79,(anonymous_10)
FN:94,(anonymous_11)
FN:104,(anonymous_12)
FNF:13
FNH:0
FNDA:0,(anonymous_0)
FNDA:0,(anonymous_1)
FNDA:0,(anonymous_2)
FNDA:0,(anonymous_3)
FNDA:0,(anonymous_4)
FNDA:0,(anonymous_5)
FNDA:0,(anonymous_6)
FNDA:0,(anonymous_7)
FNDA:0,(anonymous_8)
FNDA:0,(anonymous_9)
FNDA:0,(anonymous_10)
FNDA:0,(anonymous_11)
FNDA:0,(anonymous_12)
DA:1,1
DA:6,0
DA:19,0
DA:20,0
DA:21,0
DA:22,0
DA:24,0
DA:26,0
DA:27,0
DA:32,0
DA:33,0
DA:34,0
DA:37,0
DA:43,0
DA:44,0
DA:46,0
DA:47,0
DA:50,0
DA:55,0
DA:56,0
DA:61,0
DA:63,0
DA:64,0
DA:67,0
DA:72,0
DA:73,0
DA:74,0
DA:76,0
DA:80,0
DA:81,0
DA:82,0
DA:85,0
DA:86,0
DA:87,0
DA:89,0
DA:90,0
DA:95,0
DA:97,0
DA:98,0
DA:101,0
DA:105,0
DA:106,0
DA:107,0
DA:109,0
DA:110,0
DA:118,1
LF:46
LH:2
BRDA:21,0,0,0
BRDA:21,0,1,0
BRDA:33,1,0,0
BRDA:33,1,1,0
BRDA:46,2,0,0
BRDA:46,2,1,0
BRDA:63,3,0,0
BRDA:63,3,1,0
BRDA:73,4,0,0
BRDA:73,4,1,0
BRDA:97,5,0,0
BRDA:97,5,1,0
BRF:12
BRH:0
end_of_record
TN:
SF:routers/jobs.js
FNF:0
FNH:0
DA:1,1
DA:3,1
DA:5,1
DA:8,1
DA:11,1
DA:14,1
DA:17,1
DA:20,1
DA:23,1
DA:25,1
DA:27,1
DA:35,1
DA:37,1
LF:13
LH:13
BRF:0
BRH:0
end_of_record
