TN:
SF:app.js
FNF:0
FNH:0
DA:1,1
DA:2,1
DA:5,1
DA:6,1
DA:7,1
DA:8,1
DA:10,1
DA:11,1
DA:12,1
DA:13,1
DA:16,1
DA:17,1
DA:18,1
DA:20,1
LF:14
LH:14
BRF:0
BRH:0
end_of_record
TN:
SF:controllers/applications.js
FN:3,create
FN:13,index
FN:22,show
FN:32,destroy
FNF:4
FNH:1
FNDA:1,create
FNDA:0,index
FNDA:0,show
FNDA:0,destroy
DA:1,1
DA:4,1
DA:5,1
DA:6,1
DA:7,1
DA:9,0
DA:14,0
DA:15,0
DA:16,0
DA:18,0
DA:23,0
DA:24,0
DA:25,0
DA:26,0
DA:28,0
DA:33,0
DA:34,0
DA:35,0
DA:36,0
DA:37,0
DA:40,0
DA:44,1
LF:22
LH:6
BRF:0
BRH:0
end_of_record
TN:
SF:controllers/jobs.js
FN:4,index
FN:15,show
FN:30,showJobsById
FN:46,create
FN:57,userJobs
FN:68,userJobsDate
FN:81,destroy
FN:93,getHours
FN:105,getOrgContactDetails
FNF:9
FNH:9
FNDA:6,index
FNDA:6,show
FNDA:5,showJobsById
FNDA:2,create
FNDA:6,userJobs
FNDA:6,userJobsDate
FNDA:2,destroy
FNDA:5,getHours
FNDA:4,getOrgContactDetails
DA:1,2
DA:5,6
DA:6,6
DA:7,5
DA:8,5
DA:10,1
DA:16,6
DA:17,6
DA:19,6
DA:21,5
DA:23,1
DA:31,5
DA:32,5
DA:35,5
DA:37,4
DA:39,1
DA:47,2
DA:48,2
DA:49,2
DA:50,1
DA:52,1
DA:58,6
DA:59,6
DA:60,6
DA:61,5
DA:63,1
DA:69,6
DA:70,6
DA:71,6
DA:73,6
DA:75,5
DA:77,1
DA:82,2
DA:83,2
DA:84,1
DA:86,1
DA:87,1
DA:89,1
DA:94,5
DA:95,5
DA:96,5
DA:98,4
DA:100,1
DA:106,4
DA:107,4
DA:108,4
DA:110,3
DA:112,1
DA:116,2
LF:49
LH:49
BRF:0
BRH:0
end_of_record
TN:
SF:controllers/user.js
FN:6,register
FN:24,login
FNF:2
FNH:0
FNDA:0,register
FNDA:0,login
DA:1,1
DA:3,1
DA:4,1
DA:7,0
DA:8,0
DA:11,0
DA:14,0
DA:16,0
DA:18,0
DA:20,0
DA:25,0
DA:26,0
DA:27,0
DA:28,0
DA:29,0
DA:30,0
DA:31,0
DA:32,0
DA:33,0
DA:36,0
DA:37,0
DA:40,0
DA:44,1
LF:23
LH:4
BRDA:32,0,0,0
BRDA:32,0,1,0
BRF:2
BRH:0
end_of_record
TN:
SF:db/connect.js
FNF:0
FNH:0
DA:1,3
DA:4,3
DA:5,3
DA:6,3
DA:10,0
DA:16,3
DA:18,3
LF:7
LH:6
BRDA:4,0,0,3
BRDA:4,0,1,0
BRF:2
BRH:1
end_of_record
TN:
SF:db/setup-test-db.js
FN:7,(anonymous_0)
FN:55,(anonymous_1)
FN:67,(anonymous_2)
FNF:3
FNH:3
FNDA:3,(anonymous_0)
FNDA:3,(anonymous_1)
FNDA:3,(anonymous_2)
DA:2,1
DA:3,1
DA:7,1
DA:8,3
DA:55,1
DA:56,3
DA:58,3
DA:60,3
DA:62,3
DA:67,1
DA:68,3
DA:75,1
LF:12
LH:12
BRF:0
BRH:0
end_of_record
TN:
SF:middleware/logger.js
FN:1,logRoutes
FNF:1
FNH:1
FNDA:3,logRoutes
DA:2,3
DA:3,3
DA:6,1
LF:3
LH:3
BRF:0
BRH:0
end_of_record
TN:
SF:models/Applications.js
FN:5,(anonymous_0)
FN:11,(anonymous_1)
FN:21,(anonymous_2)
FN:31,(anonymous_3)
FN:37,(anonymous_4)
FN:38,(anonymous_5)
FN:41,(anonymous_6)
FNF:7
FNH:2
FNDA:1,(anonymous_0)
FNDA:1,(anonymous_1)
FNDA:0,(anonymous_2)
FNDA:0,(anonymous_3)
FNDA:0,(anonymous_4)
FNDA:0,(anonymous_5)
FNDA:0,(anonymous_6)
DA:1,1
DA:6,1
DA:12,1
DA:14,1
DA:15,0
DA:18,1
DA:22,0
DA:24,0
DA:25,0
DA:28,0
DA:32,0
DA:34,0
DA:35,0
DA:37,0
DA:38,0
DA:42,0
DA:44,0
DA:45,0
DA:48,0
DA:52,1
LF:20
LH:6
BRDA:14,0,0,0
BRDA:14,0,1,1
BRDA:24,1,0,0
BRDA:24,1,1,0
BRDA:34,2,0,0
BRDA:34,2,1,0
BRDA:44,3,0,0
BRDA:44,3,1,0
BRF:8
BRH:1
end_of_record
TN:
SF:models/Jobs.js
FN:4,(anonymous_0)
FN:19,(anonymous_1)
FN:32,(anonymous_2)
FN:38,(anonymous_3)
FN:43,(anonymous_4)
FN:51,(anonymous_5)
FN:58,(anonymous_6)
FN:65,(anonymous_7)
FN:68,(anonymous_8)
FN:75,(anonymous_9)
FN:78,(anonymous_10)
FN:91,(anonymous_11)
FN:110,(anonymous_12)
FN:120,(anonymous_13)
FNF:14
FNH:7
FNDA:8,(anonymous_0)
FNDA:1,(anonymous_1)
FNDA:4,(anonymous_2)
FNDA:6,(anonymous_3)
FNDA:0,(anonymous_4)
FNDA:0,(anonymous_5)
FNDA:1,(anonymous_6)
FNDA:1,(anonymous_7)
FNDA:0,(anonymous_8)
FNDA:0,(anonymous_9)
FNDA:0,(anonymous_10)
FNDA:0,(anonymous_11)
FNDA:1,(anonymous_12)
FNDA:0,(anonymous_13)
DA:1,3
DA:6,8
DA:15,8
DA:20,1
DA:21,1
DA:22,1
DA:23,0
DA:25,1
DA:27,0
DA:28,0
DA:33,4
DA:34,4
DA:35,1
DA:38,6
DA:44,0
DA:45,0
DA:47,0
DA:48,0
DA:51,0
DA:53,0
DA:54,0
DA:59,1
DA:61,1
DA:62,0
DA:65,1
DA:70,0
DA:72,0
DA:73,0
DA:75,0
DA:79,0
DA:81,0
DA:82,0
DA:85,0
DA:92,0
DA:93,0
DA:95,0
DA:96,0
DA:100,0
DA:101,0
DA:104,0
DA:105,0
DA:107,0
DA:111,1
DA:113,1
DA:114,0
DA:117,1
DA:121,0
DA:122,0
DA:123,0
DA:125,0
DA:126,0
DA:134,3
LF:52
LH:18
BRDA:22,0,0,0
BRDA:22,0,1,1
BRDA:34,1,0,1
BRDA:34,1,1,3
BRDA:47,2,0,0
BRDA:47,2,1,0
BRDA:61,3,0,0
BRDA:61,3,1,1
BRDA:72,4,0,0
BRDA:72,4,1,0
BRDA:81,5,0,0
BRDA:81,5,1,0
BRDA:92,6,0,0
BRDA:92,6,1,0
BRDA:100,7,0,0
BRDA:100,7,1,0
BRDA:113,8,0,0
BRDA:113,8,1,1
BRF:18
BRH:5
end_of_record
TN:
SF:models/token.js
FN:6,(anonymous_0)
FN:13,(anonymous_1)
FN:25,(anonymous_2)
FN:36,(anonymous_3)
FNF:4
FNH:0
FNDA:0,(anonymous_0)
FNDA:0,(anonymous_1)
FNDA:0,(anonymous_2)
FNDA:0,(anonymous_3)
DA:1,1
DA:3,1
DA:7,0
DA:8,0
DA:9,0
DA:10,0
DA:15,0
DA:16,0
DA:20,0
DA:21,0
DA:22,0
DA:26,0
DA:29,0
DA:30,0
DA:32,0
DA:37,0
DA:40,0
DA:41,0
DA:43,0
DA:48,1
LF:20
LH:3
BRDA:29,0,0,0
BRDA:29,0,1,0
BRDA:40,1,0,0
BRDA:40,1,1,0
BRF:4
BRH:0
end_of_record
TN:
SF:models/user.js
FN:5,(anonymous_0)
FN:16,(anonymous_1)
FN:25,(anonymous_2)
FN:35,(anonymous_3)
FNF:4
FNH:0
FNDA:0,(anonymous_0)
FNDA:0,(anonymous_1)
FNDA:0,(anonymous_2)
FNDA:0,(anonymous_3)
DA:1,1
DA:6,0
DA:17,0
DA:18,0
DA:19,0
DA:21,0
DA:26,0
DA:27,0
DA:28,0
DA:29,0
DA:31,0
DA:36,0
DA:38,0
DA:40,0
DA:42,0
DA:43,0
DA:47,1
LF:17
LH:2
BRDA:18,0,0,0
BRDA:18,0,1,0
BRDA:28,1,0,0
BRDA:28,1,1,0
BRF:4
BRH:0
end_of_record
TN:
SF:routers/applications.js
FNF:0
FNH:0
DA:1,1
DA:3,1
DA:5,1
DA:7,1
DA:8,1
DA:9,1
DA:10,1
DA:12,1
LF:8
LH:8
BRF:0
BRH:0
end_of_record
TN:
SF:routers/jobs.js
FNF:0
FNH:0
DA:1,2
DA:2,2
DA:8,2
DA:11,2
DA:14,2
DA:17,2
DA:20,2
DA:23,2
DA:26,2
DA:33,2
DA:35,2
DA:37,2
DA:40,2
DA:42,2
LF:14
LH:14
BRF:0
BRH:0
end_of_record
TN:
SF:routers/user.js
FNF:0
FNH:0
DA:1,1
DA:2,1
DA:4,1
DA:6,1
DA:7,1
DA:9,1
LF:6
LH:6
BRF:0
BRH:0
end_of_record
