{"C:\\Users\\alex_\\OneDrive\\LaFosse\\LAP2\\project\\project-lap-2\\client\\__tests__\\helpers.js": {"path":"C:\\Users\\alex_\\OneDrive\\LaFosse\\LAP2\\project\\project-lap-2\\client\\__tests__\\helpers.js","statementMap":{"0":{"start":{"line":1,"column":13},"end":{"line":1,"column":28}},"1":{"start":{"line":2,"column":14},"end":{"line":2,"column":30}},"2":{"start":{"line":4,"column":18},"end":{"line":4,"column":23}},"3":{"start":{"line":6,"column":18},"end":{"line":18,"column":1}},"4":{"start":{"line":7,"column":19},"end":{"line":7,"column":53}},"5":{"start":{"line":8,"column":14},"end":{"line":11,"column":4}},"6":{"start":{"line":13,"column":2},"end":{"line":17,"column":5}},"7":{"start":{"line":14,"column":4},"end":{"line":16,"column":7}},"8":{"start":{"line":15,"column":6},"end":{"line":15,"column":19}},"9":{"start":{"line":20,"column":0},"end":{"line":20,"column":31}}},"fnMap":{"0":{"name":"(anonymous_0)","decl":{"start":{"line":6,"column":18},"end":{"line":6,"column":19}},"loc":{"start":{"line":6,"column":38},"end":{"line":18,"column":1}},"line":6},"1":{"name":"(anonymous_1)","decl":{"start":{"line":13,"column":21},"end":{"line":13,"column":22}},"loc":{"start":{"line":13,"column":37},"end":{"line":17,"column":3}},"line":13},"2":{"name":"(anonymous_2)","decl":{"start":{"line":14,"column":61},"end":{"line":14,"column":62}},"loc":{"start":{"line":14,"column":67},"end":{"line":16,"column":5}},"line":14}},"branchMap":{},"s":{"0":1,"1":1,"2":1,"3":1,"4":4,"5":4,"6":4,"7":4,"8":4,"9":1},"f":{"0":4,"1":4,"2":4},"b":{},"_coverageSchema":"1a1c01bbd47fc00a2c39e90264f33305004495a9","hash":"9a350b6d9e5142aab0219e048cf10fee951666a1"}
}
